260220 08:15:36 mysqld_safe Starting mariadbd daemon with databases from /config/databases
2026-02-20  8:15:36 0 [Note] Starting MariaDB 11.4.8-MariaDB-log source revision c4ed889b74ed95fa8b4eaf96610d4c1480b346a4 server_uid mwwlPt4x6UvbXcrSXFFTdGMM4qQ= as process 514
2026-02-20  8:15:36 0 [Note] InnoDB: Compressed tables use zlib 1.3.1
2026-02-20  8:15:36 0 [Note] InnoDB: Number of transaction pools: 1
2026-02-20  8:15:36 0 [Note] InnoDB: Using AVX512 instructions
2026-02-20  8:15:36 0 [Note] mariadbd: O_TMPFILE is not supported on /tmp (disabling future attempts)
2026-02-20  8:15:36 0 [Note] InnoDB: Using Linux native AIO
2026-02-20  8:15:36 0 [Note] InnoDB: innodb_buffer_pool_size_max=256m, innodb_buffer_pool_size=256m
2026-02-20  8:15:36 0 [Note] InnoDB: Completed initialization of buffer pool
2026-02-20  8:15:36 0 [Note] InnoDB: File system buffers for log disabled (block size=512 bytes)
2026-02-20  8:15:36 0 [Note] InnoDB: End of log at LSN=47763
2026-02-20  8:15:36 0 [Note] InnoDB: Opened 3 undo tablespaces
2026-02-20  8:15:36 0 [Note] InnoDB: 128 rollback segments in 3 undo tablespaces are active.
2026-02-20  8:15:36 0 [Note] InnoDB: Setting file './ibtmp1' size to 12.000MiB. Physically writing the file full; Please wait ...
2026-02-20  8:15:36 0 [Note] InnoDB: File './ibtmp1' size is now 12.000MiB.
2026-02-20  8:15:36 0 [Note] InnoDB: log sequence number 47763; transaction id 14
2026-02-20  8:15:36 0 [Note] Plugin 'FEEDBACK' is disabled.
2026-02-20  8:15:36 0 [Note] InnoDB: Loading buffer pool(s) from /var/lib/mysql/ib_buffer_pool
2026-02-20  8:15:36 0 [Note] Plugin 'wsrep-provider' is disabled.
2026-02-20  8:15:36 0 [Note] InnoDB: Buffer pool(s) load completed at 260220  8:15:36
2026-02-20  8:15:37 0 [Note] Server socket created on IP: '0.0.0.0', port: '3306'.
2026-02-20  8:15:37 0 [Note] Server socket created on IP: '::', port: '3306'.
2026-02-20  8:15:37 0 [Note] mariadbd: Event Scheduler: Loaded 0 events
2026-02-20  8:15:37 0 [Note] /usr/bin/mariadbd: ready for connections.
Version: '11.4.8-MariaDB-log'  socket: '/run/mysqld/mysqld.sock'  port: 3306  Alpine Linux
2026-02-20  8:15:37 3 [Warning] Aborted connection 3 to db: 'unconnected' user: 'unauthenticated' host: 'localhost' (This connection closed normally without authentication)
2026-02-20  8:15:37 5 [Warning] Access denied for user 'root'@'localhost' (using password: YES)
2026-02-20  8:16:36 17 [Warning] Access denied for user 'bluespice'@'%' to database 'keycloak'
2026-02-20  8:16:36 18 [Warning] Access denied for user 'bluespice'@'%' to database 'keycloak'
